<?xml version="1.0" encoding="UTF-8"?>
<testsuite name="compilerTest" tests="1" skipped="0" failures="0" errors="0" timestamp="2024-10-09T13:56:09" hostname="BATMAN-123" time="1.243">
  <properties/>
  <testcase name="testCompilerMain()" classname="compilerTest" time="1.243"/>
  <system-out><![CDATA[09:56:10.768 [Test worker] INFO  compiler.Compiler - schema Directory:samples/input/db
09:56:10.776 [Test worker] INFO  compiler.Compiler - sql Directory:samples/input/testqueries.sql
09:56:10.920 [Test worker] INFO  compiler.Compiler - Processing query: SELECT * FROM Sailors S1, Sailors S2, Reserves R WHERE S1.A < S2.A AND S1.A = R.G
]]></system-out>
  <system-err><![CDATA[]]></system-err>
</testsuite>
