<?xml version="1.0" encoding="UTF-8"?>
<testsuite name="compilerTest" tests="1" skipped="0" failures="0" errors="0" timestamp="2024-10-09T23:17:15" hostname="BATMAN-123" time="24.885">
  <properties/>
  <testcase name="testCompilerMain()" classname="compilerTest" time="24.885"/>
  <system-out><![CDATA[19:17:16.624 [Test worker] INFO  compiler.Compiler - schema Directory:samples/input/db
19:17:16.631 [Test worker] INFO  compiler.Compiler - sql Directory:samples/input/testqueries.sql
19:17:16.758 [Test worker] INFO  compiler.Compiler - Processing query: SELECT * FROM Sailors, Reserves WHERE Sailors.A = Reserves.G
19:17:17.681 [Test worker] INFO  compiler.Compiler - Processing query: SELECT * FROM Sailors, Reserves, Boats WHERE Sailors.A = Reserves.G AND Reserves.H = Boats.D
19:17:22.681 [Test worker] INFO  compiler.Compiler - Processing query: SELECT * FROM Sailors, Reserves, Boats WHERE Sailors.A = Reserves.G AND Reserves.H = Boats.D AND Sailors.B < 150
19:17:26.517 [Test worker] INFO  compiler.Compiler - Processing query: SELECT DISTINCT * FROM Sailors
19:17:26.538 [Test worker] INFO  compiler.Compiler - Processing query: SELECT * FROM Sailors S1, Sailors S2 WHERE S1.A < S2.A
19:17:30.434 [Test worker] INFO  compiler.Compiler - Processing query: SELECT B.F, B.D FROM Boats B ORDER BY B.D
19:17:30.448 [Test worker] INFO  compiler.Compiler - Processing query: SELECT * FROM Sailors S, Reserves R, Boats B WHERE S.A = R.G AND R.H = B.D ORDER BY S.C
19:17:35.623 [Test worker] INFO  compiler.Compiler - Processing query: SELECT DISTINCT * FROM Sailors S, Reserves R, Boats B WHERE S.A = R.G AND R.H = B.D ORDER BY S.C
]]></system-out>
  <system-err><![CDATA[]]></system-err>
</testsuite>
