<?xml version="1.0" encoding="UTF-8"?>
<testsuite name="ParserExample" tests="1" skipped="0" failures="0" errors="0" timestamp="2024-10-12T01:01:43" hostname="MSI" time="0.071">
  <properties/>
  <testcase name="parserExampleTest()" classname="ParserExample" time="0.071"/>
  <system-out><![CDATA[21:01:43.975 [Test worker] INFO  ParserExample - Read statement: SELECT * FROM Sailors
21:01:43.985 [Test worker] INFO  ParserExample - Select body is SELECT * FROM Sailors
21:01:43.985 [Test worker] INFO  ParserExample -     Select item is *
21:01:43.985 [Test worker] INFO  ParserExample - From item is Sailors
21:01:43.985 [Test worker] INFO  ParserExample - Where is null
21:01:43.985 [Test worker] INFO  ParserExample - Name: Sailors
21:01:43.985 [Test worker] INFO  ParserExample - Alias: null
21:01:43.986 [Test worker] INFO  ParserExample - Read statement: SELECT Sailors.A FROM Sailors
21:01:43.986 [Test worker] INFO  ParserExample - Select body is SELECT Sailors.A FROM Sailors
21:01:43.986 [Test worker] INFO  ParserExample -     Select item is Sailors.A
21:01:43.987 [Test worker] INFO  ParserExample - From item is Sailors
21:01:43.987 [Test worker] INFO  ParserExample - Where is null
21:01:43.987 [Test worker] INFO  ParserExample - Name: Sailors
21:01:43.988 [Test worker] INFO  ParserExample - Alias: null
21:01:43.988 [Test worker] INFO  ParserExample - Read statement: SELECT S.A FROM Sailors S
21:01:43.988 [Test worker] INFO  ParserExample - Select body is SELECT S.A FROM Sailors S
21:01:43.989 [Test worker] INFO  ParserExample -     Select item is S.A
21:01:43.989 [Test worker] INFO  ParserExample - From item is Sailors S
21:01:43.989 [Test worker] INFO  ParserExample - Where is null
21:01:43.989 [Test worker] INFO  ParserExample - Name: Sailors
21:01:43.989 [Test worker] INFO  ParserExample - Alias:  S
21:01:43.990 [Test worker] INFO  ParserExample - Read statement: SELECT * FROM Sailors S WHERE S.A < 3
21:01:43.990 [Test worker] INFO  ParserExample - Select body is SELECT * FROM Sailors S WHERE S.A < 3
21:01:43.990 [Test worker] INFO  ParserExample -     Select item is *
21:01:43.991 [Test worker] INFO  ParserExample - From item is Sailors S
21:01:43.991 [Test worker] INFO  ParserExample - Where is S.A < 3
21:01:43.991 [Test worker] INFO  ParserExample - Name: Sailors
21:01:43.991 [Test worker] INFO  ParserExample - Alias:  S
21:01:43.992 [Test worker] INFO  ParserExample - Read statement: SELECT * FROM Sailors, Reserves WHERE Sailors.A = Reserves.G
21:01:43.992 [Test worker] INFO  ParserExample - Select body is SELECT * FROM Sailors, Reserves WHERE Sailors.A = Reserves.G
21:01:43.993 [Test worker] INFO  ParserExample -     Select item is *
21:01:43.993 [Test worker] INFO  ParserExample - From item is Sailors
21:01:43.993 [Test worker] INFO  ParserExample - Where is Sailors.A = Reserves.G
21:01:43.994 [Test worker] INFO  ParserExample - Name: Sailors
21:01:43.994 [Test worker] INFO  ParserExample - Alias: null
21:01:43.994 [Test worker] INFO  ParserExample - Read statement: SELECT * FROM Sailors S1, Sailors S2 WHERE S1.A < S2.A
21:01:43.995 [Test worker] INFO  ParserExample - Select body is SELECT * FROM Sailors S1, Sailors S2 WHERE S1.A < S2.A
21:01:43.995 [Test worker] INFO  ParserExample -     Select item is *
21:01:43.995 [Test worker] INFO  ParserExample - From item is Sailors S1
21:01:43.996 [Test worker] INFO  ParserExample - Where is S1.A < S2.A
21:01:43.996 [Test worker] INFO  ParserExample - Name: Sailors
21:01:43.996 [Test worker] INFO  ParserExample - Alias:  S1
21:01:43.996 [Test worker] INFO  ParserExample - Read statement: SELECT DISTINCT R.G FROM Reserves R
21:01:43.997 [Test worker] INFO  ParserExample - Select body is SELECT DISTINCT R.G FROM Reserves R
21:01:43.997 [Test worker] INFO  ParserExample -     Select item is R.G
21:01:43.998 [Test worker] INFO  ParserExample - From item is Reserves R
21:01:43.998 [Test worker] INFO  ParserExample - Where is null
21:01:43.999 [Test worker] INFO  ParserExample - Name: Reserves
21:01:43.999 [Test worker] INFO  ParserExample - Alias:  R
21:01:44.000 [Test worker] INFO  ParserExample - Read statement: SELECT * FROM Sailors ORDER BY Sailors.B
21:01:44.000 [Test worker] INFO  ParserExample - Select body is SELECT * FROM Sailors ORDER BY Sailors.B
21:01:44.000 [Test worker] INFO  ParserExample -     Select item is *
21:01:44.001 [Test worker] INFO  ParserExample - From item is Sailors
21:01:44.003 [Test worker] INFO  ParserExample - Where is null
21:01:44.003 [Test worker] INFO  ParserExample -     OrderBy item is Sailors.B
21:01:44.003 [Test worker] INFO  ParserExample - Name: Sailors
21:01:44.004 [Test worker] INFO  ParserExample - Alias: null
21:01:44.006 [Test worker] INFO  ParserExample - Read statement: SELECT User.I, Order.L, Detail.N FROM User, Order, Detail WHERE User.I = Order.K AND User.I = Detail.M
21:01:44.006 [Test worker] INFO  ParserExample - Select body is SELECT User.I, Order.L, Detail.N FROM User, Order, Detail WHERE User.I = Order.K AND User.I = Detail.M
21:01:44.007 [Test worker] INFO  ParserExample -     Select item is User.I
21:01:44.007 [Test worker] INFO  ParserExample -     Select item is Order.L
21:01:44.007 [Test worker] INFO  ParserExample -     Select item is Detail.N
21:01:44.007 [Test worker] INFO  ParserExample - From item is User
21:01:44.008 [Test worker] INFO  ParserExample - Where is User.I = Order.K AND User.I = Detail.M
21:01:44.008 [Test worker] INFO  ParserExample - Name: User
21:01:44.009 [Test worker] INFO  ParserExample - Alias: null
21:01:44.010 [Test worker] INFO  ParserExample - Read statement: SELECT User.I, Order.L, Detail.N FROM User, Order, Detail WHERE User.I = Order.K AND User.I = Detail.M ORDER BY Detail.N DESC
21:01:44.010 [Test worker] INFO  ParserExample - Select body is SELECT User.I, Order.L, Detail.N FROM User, Order, Detail WHERE User.I = Order.K AND User.I = Detail.M ORDER BY Detail.N DESC
21:01:44.011 [Test worker] INFO  ParserExample -     Select item is User.I
21:01:44.011 [Test worker] INFO  ParserExample -     Select item is Order.L
21:01:44.011 [Test worker] INFO  ParserExample -     Select item is Detail.N
21:01:44.012 [Test worker] INFO  ParserExample - From item is User
21:01:44.012 [Test worker] INFO  ParserExample - Where is User.I = Order.K AND User.I = Detail.M
21:01:44.013 [Test worker] INFO  ParserExample -     OrderBy item is Detail.N DESC
21:01:44.013 [Test worker] INFO  ParserExample - Name: User
21:01:44.014 [Test worker] INFO  ParserExample - Alias: null
]]></system-out>
  <system-err><![CDATA[]]></system-err>
</testsuite>
