<?xml version="1.0" encoding="UTF-8"?>
<testsuite name="ExpVisitorTest" tests="3" skipped="0" failures="0" errors="0" timestamp="2024-09-23T20:08:08" hostname="BATMAN-123" time="0.91">
  <properties/>
  <testcase name="testExpVisitor1()" classname="ExpVisitorTest" time="0.894"/>
  <testcase name="testExpVisitor2()" classname="ExpVisitorTest" time="0.003"/>
  <testcase name="testExpVisitor3()" classname="ExpVisitorTest" time="0.004"/>
  <system-out><![CDATA[]]></system-out>
  <system-err><![CDATA[]]></system-err>
</testsuite>
