<?xml version="1.0" encoding="UTF-8"?>
<testsuite name="compilerTest" tests="1" skipped="0" failures="0" errors="0" timestamp="2024-10-11T22:29:51" hostname="BATMAN-123" time="20.586">
  <properties/>
  <testcase name="testCompilerMain()" classname="compilerTest" time="20.586"/>
  <system-out><![CDATA[18:29:52.476 [Test worker] INFO  compiler.Compiler - schema Directory:samples/input/db
18:29:52.487 [Test worker] INFO  compiler.Compiler - sql Directory:samples/input/testqueries.sql
18:29:52.691 [Test worker] INFO  compiler.Compiler - Processing query: SELECT * FROM Sailors
18:29:52.729 [Test worker] INFO  compiler.Compiler - Processing query: SELECT Sailors.A FROM Sailors
18:29:52.739 [Test worker] INFO  compiler.Compiler - Processing query: SELECT Boats.F, Boats.D FROM Boats
18:29:52.747 [Test worker] INFO  compiler.Compiler - Processing query: SELECT Reserves.G, Reserves.H FROM Reserves
18:29:52.751 [Test worker] INFO  compiler.Compiler - Processing query: SELECT * FROM Sailors WHERE Sailors.B >= Sailors.C
18:29:52.815 [Test worker] INFO  compiler.Compiler - Processing query: SELECT Sailors.A FROM Sailors WHERE Sailors.B >= Sailors.C
18:29:52.821 [Test worker] INFO  compiler.Compiler - Processing query: SELECT Sailors.A FROM Sailors WHERE Sailors.B >= Sailors.C AND Sailors.B < Sailors.C
18:29:52.826 [Test worker] INFO  compiler.Compiler - Processing query: SELECT * FROM Sailors, Reserves WHERE Sailors.A = Reserves.G
18:29:53.653 [Test worker] INFO  compiler.Compiler - Processing query: SELECT * FROM Sailors, Reserves, Boats WHERE Sailors.A = Reserves.G AND Reserves.H = Boats.D
18:29:58.529 [Test worker] INFO  compiler.Compiler - Processing query: SELECT * FROM Sailors, Reserves, Boats WHERE Sailors.A = Reserves.G AND Reserves.H = Boats.D AND Sailors.B < 150
18:30:02.100 [Test worker] INFO  compiler.Compiler - Processing query: SELECT DISTINCT * FROM Sailors
18:30:02.111 [Test worker] INFO  compiler.Compiler - Processing query: SELECT * FROM Sailors S1, Sailors S2 WHERE S1.A < S2.A
18:30:03.217 [Test worker] INFO  compiler.Compiler - Processing query: SELECT B.F, B.D FROM Boats B ORDER BY B.D
18:30:03.225 [Test worker] INFO  compiler.Compiler - Processing query: SELECT * FROM Sailors S, Reserves R, Boats B WHERE S.A = R.G AND R.H = B.D ORDER BY S.C
18:30:07.726 [Test worker] INFO  compiler.Compiler - Processing query: SELECT DISTINCT * FROM Sailors S, Reserves R, Boats B WHERE S.A = R.G AND R.H = B.D ORDER BY S.C
]]></system-out>
  <system-err><![CDATA[]]></system-err>
</testsuite>
