<?xml version="1.0" encoding="UTF-8"?>
<testsuite name="P1UnitTests" tests="8" skipped="0" failures="0" errors="0" timestamp="2024-09-25T20:17:11" hostname="BATMAN-123" time="0.117">
  <properties/>
  <testcase name="testQuery1()" classname="P1UnitTests" time="0.032"/>
  <testcase name="testQuery2()" classname="P1UnitTests" time="0.004"/>
  <testcase name="testQuery3()" classname="P1UnitTests" time="0.003"/>
  <testcase name="testQuery4()" classname="P1UnitTests" time="0.033"/>
  <testcase name="testQuery5()" classname="P1UnitTests" time="0.01"/>
  <testcase name="testQuery6()" classname="P1UnitTests" time="0.008"/>
  <testcase name="testQuery7()" classname="P1UnitTests" time="0.004"/>
  <testcase name="testQuery8()" classname="P1UnitTests" time="0.004"/>
  <system-out><![CDATA[]]></system-out>
  <system-err><![CDATA[]]></system-err>
</testsuite>
