<?xml version="1.0" encoding="UTF-8"?>
<testsuite name="compilerTest" tests="1" skipped="0" failures="0" errors="0" timestamp="2024-09-23T20:08:09" hostname="BATMAN-123" time="0.04">
  <properties/>
  <testcase name="testCompilerMain()" classname="compilerTest" time="0.04"/>
  <system-out><![CDATA[16:08:09.531 [Test worker] INFO  compiler.Compiler - schema Directory:samples/input/db
16:08:09.532 [Test worker] INFO  compiler.Compiler - sql Directory:samples/input/testqueries.sql
16:08:09.542 [Test worker] INFO  compiler.Compiler - Processing query: SELECT * FROM Sailors
16:08:09.546 [Test worker] INFO  compiler.Compiler - Processing query: SELECT Sailors.A FROM Sailors
16:08:09.549 [Test worker] INFO  compiler.Compiler - Processing query: SELECT S.A FROM Sailors S
16:08:09.551 [Test worker] INFO  compiler.Compiler - Processing query: SELECT * FROM Sailors S WHERE S.A < 3
16:08:09.553 [Test worker] INFO  compiler.Compiler - Processing query: SELECT * FROM Sailors, Reserves WHERE Sailors.A = Reserves.G
16:08:09.558 [Test worker] INFO  compiler.Compiler - Processing query: SELECT * FROM Sailors S1, Sailors S2 WHERE S1.A < S2.A
16:08:09.563 [Test worker] INFO  compiler.Compiler - Processing query: SELECT DISTINCT R.G FROM Reserves R
16:08:09.566 [Test worker] INFO  compiler.Compiler - Processing query: SELECT * FROM Sailors ORDER BY Sailors.B
]]></system-out>
  <system-err><![CDATA[]]></system-err>
</testsuite>
