<?xml version="1.0" encoding="UTF-8"?>
<testsuite name="P1UnitTests" tests="8" skipped="0" failures="0" errors="0" timestamp="2024-10-12T01:01:43" hostname="MSI" time="0.157">
  <properties/>
  <testcase name="testQuery1()" classname="P1UnitTests" time="0.041"/>
  <testcase name="testQuery2()" classname="P1UnitTests" time="0.007"/>
  <testcase name="testQuery3()" classname="P1UnitTests" time="0.003"/>
  <testcase name="testQuery4()" classname="P1UnitTests" time="0.049"/>
  <testcase name="testQuery5()" classname="P1UnitTests" time="0.017"/>
  <testcase name="testQuery6()" classname="P1UnitTests" time="0.01"/>
  <testcase name="testQuery7()" classname="P1UnitTests" time="0.006"/>
  <testcase name="testQuery8()" classname="P1UnitTests" time="0.004"/>
  <system-out><![CDATA[]]></system-out>
  <system-err><![CDATA[]]></system-err>
</testsuite>
