<?xml version="1.0" encoding="UTF-8"?>
<testsuite name="ExpVisitorTest" tests="3" skipped="0" failures="0" errors="0" timestamp="2024-09-30T18:21:34" hostname="BATMAN-123" time="0.985">
  <properties/>
  <testcase name="testExpVisitor1()" classname="ExpVisitorTest" time="0.975"/>
  <testcase name="testExpVisitor2()" classname="ExpVisitorTest" time="0.001"/>
  <testcase name="testExpVisitor3()" classname="ExpVisitorTest" time="0.005"/>
  <system-out><![CDATA[]]></system-out>
  <system-err><![CDATA[]]></system-err>
</testsuite>
