<?xml version="1.0" encoding="UTF-8"?>
<testsuite name="OperatorTests" tests="1" skipped="0" failures="0" errors="0" timestamp="2024-09-23T20:08:09" hostname="BATMAN-123" time="0.16">
  <properties/>
  <testcase name="testScanOperator()" classname="OperatorTests" time="0.16"/>
  <system-out><![CDATA[101,2,3
102,3,4
104,104,2
103,1,1
107,2,8

101,2,3
102,3,4
101,2,3

1,200,50
2,200,200
3,100,105
4,100,50
5,100,500
6,300,400

1,200,50
2,200,200
3,100,105
4,100,50
5,100,500
6,300,400

1,200,50
2,200,200
3,100,105
4,100,50
5,100,500
6,300,400

1,200,50
2,200,200
3,100,105
4,100,50
5,100,500
6,300,400

1,200,50
2,200,200
3,100,105
4,100,50
5,100,500
6,300,400

1,200,50
2,200,200
3,100,105
4,100,50
5,100,500
6,300,400

1,101
1,102
1,103
2,101
3,102
4,104

1,200,50
2,200,200
3,100,105
4,100,50
5,100,500
6,300,400

]]></system-out>
  <system-err><![CDATA[]]></system-err>
</testsuite>
